<?xml version="1.0" encoding="UTF-8"?>
<!-- Generated by org.testng.reporters.JUnitReportReporter -->
<testsuite hostname="Soumil" failures="0" tests="1" name="chrome.ExtentReportsSample" time="13.467" errors="0" timestamp="2021-11-10T16:52:31 IST" skipped="0">
  <testcase classname="chrome.ExtentReportsSample" name="openTest" time="13.467"/>
  <system-out/>
</testsuite> <!-- chrome.ExtentReportsSample -->
